Arguments: 
  /usr/bin/node /usr/share/yarn/bin/yarn.js start

PATH: 
  /home/jhwan/bin:/home/jhwan/.local/bin:/usr/local/sbin:/usr/local/bin:/usr/sbin:/usr/bin:/sbin:/bin:/usr/games:/usr/local/games:/mnt/c/Program Files (x86)/NVIDIA Corporation/PhysX/Common:/mnt/c/ProgramData/Oracle/Java/javapath_target_14825625:/mnt/c/Windows/System32:/mnt/c/Windows:/mnt/c/Windows/System32/wbem:/mnt/c/Windows/System32/WindowsPowerShell/v1.0:/mnt/c/Program Files (x86)/PharosSystems/Core:/mnt/c/Program Files (x86)/Skype/Phone:/mnt/c/Program Files/nodejs:/mnt/c/Program Files/Git/cmd:/mnt/c/Program Files/PuTTY:/mnt/c/TDM-GCC-64/bin:/mnt/c/Strawberry/c/bin:/mnt/c/Strawberry/perl/site/bin:/mnt/c/Strawberry/perl/bin:/mnt/c/Users/slee7268/Anaconda3:/mnt/c/Users/slee7268/Anaconda3/Scripts:/mnt/c/Users/slee7268/Anaconda3/Library/bin:/mnt/c/Users/slee7268/AppData/Local/Microsoft/WindowsApps:/mnt/c/Users/slee7268/AppData/Roaming/npm:/mnt/c/Users/slee7268/AppData/Local/rodeo/app-2.5.2/bin:/snap/bin

Yarn version: 
  1.3.2

Node version: 
  8.9.1

Platform: 
  linux x64

npm manifest: 
  {
    "name": "jangee-board-game",
    "version": "0.1",
    "description": "Korean Board Game",
    "main": "index.js",
    "repository": "https://github.com/slee7268/jangee/",
    "author": "Sam Lee",
    "license": "BSD-2-Clause"
    "scripts":{ "start": "npm run lite",
      "lite": "lite-server"}
  }

yarn manifest: 
  No manifest

Lockfile: 
  No lockfile

Trace: 
  SyntaxError: /home/jhwan/projects/jangee/package.json: Unexpected string in JSON at position 221
      at JSON.parse (<anonymous>)
      at /usr/share/yarn/lib/cli.js:770:59
      at Generator.next (<anonymous>)
      at step (/usr/share/yarn/lib/cli.js:92:30)
      at /usr/share/yarn/lib/cli.js:103:13
      at <anonymous>
